0 info it worked if it ends with ok
1 verbose cli [ 'C:\\Program Files (x86)\\nodejs\\node.exe',
1 verbose cli   'C:\\Program Files (x86)\\nodejs\\node_modules\\npm\\bin\\npm-cli.js',
1 verbose cli   'run',
1 verbose cli   'dev' ]
2 info using npm@3.10.10
3 info using node@v6.9.5
4 verbose run-script [ 'predev', 'dev', 'postdev' ]
5 info lifecycle voltron-server@1.0.0~predev: voltron-server@1.0.0
6 silly lifecycle voltron-server@1.0.0~predev: no script for predev, continuing
7 info lifecycle voltron-server@1.0.0~dev: voltron-server@1.0.0
8 verbose lifecycle voltron-server@1.0.0~dev: unsafe-perm in lifecycle true
9 verbose lifecycle voltron-server@1.0.0~dev: PATH: C:\Program Files (x86)\nodejs\node_modules\npm\bin\node-gyp-bin;D:\Documents\voltron-server\node_modules\.bin;C:\Users\Lenovo\bin;C:\Program Files\Git\mingw64\bin;C:\Program Files\Git\usr\local\bin;C:\Program Files\Git\usr\bin;C:\Program Files\Git\usr\bin;C:\Program Files\Git\mingw64\bin;C:\Program Files\Git\usr\bin;C:\Users\Lenovo\bin;C:\Windows\system32;C:\Windows;C:\Windows\System32\Wbem;C:\Windows\System32\WindowsPowerShell\v1.0;C:\Program Files (x86)\Skype\Phone;C:\Program Files (x86)\nodejs;C:\xampp\php;C:\ProgramData\ComposerSetup\bin;C:\Program Files\Git\cmd;C:\Program Files (x86)\Yarn\bin;C:\Users\Lenovo\AppData\Roaming\npm;C:\Users\Lenovo\AppData\Roaming\Composer\vendor\bin;C:\Program Files\Microsoft VS Code\bin;C:\Users\Lenovo\AppData\Local\Yarn\bin;C:\Program Files (x86)\MongoDB\Server\3.2\bin;C:\Program Files\Git\usr\bin\vendor_perl;C:\Program Files\Git\usr\bin\core_perl
10 verbose lifecycle voltron-server@1.0.0~dev: CWD: D:\Documents\voltron-server
11 silly lifecycle voltron-server@1.0.0~dev: Args: [ '/d /s /c', 'npm run watch-ts' ]
12 silly lifecycle voltron-server@1.0.0~dev: Returned: code: 1  signal: null
13 info lifecycle voltron-server@1.0.0~dev: Failed to exec dev script
14 verbose stack Error: voltron-server@1.0.0 dev: `npm run watch-ts`
14 verbose stack Exit status 1
14 verbose stack     at EventEmitter.<anonymous> (C:\Program Files (x86)\nodejs\node_modules\npm\lib\utils\lifecycle.js:255:16)
14 verbose stack     at emitTwo (events.js:106:13)
14 verbose stack     at EventEmitter.emit (events.js:191:7)
14 verbose stack     at ChildProcess.<anonymous> (C:\Program Files (x86)\nodejs\node_modules\npm\lib\utils\spawn.js:40:14)
14 verbose stack     at emitTwo (events.js:106:13)
14 verbose stack     at ChildProcess.emit (events.js:191:7)
14 verbose stack     at maybeClose (internal/child_process.js:877:16)
14 verbose stack     at Process.ChildProcess._handle.onexit (internal/child_process.js:226:5)
15 verbose pkgid voltron-server@1.0.0
16 verbose cwd D:\Documents\voltron-server
17 error Windows_NT 6.1.7601
18 error argv "C:\\Program Files (x86)\\nodejs\\node.exe" "C:\\Program Files (x86)\\nodejs\\node_modules\\npm\\bin\\npm-cli.js" "run" "dev"
19 error node v6.9.5
20 error npm  v3.10.10
21 error code ELIFECYCLE
22 error voltron-server@1.0.0 dev: `npm run watch-ts`
22 error Exit status 1
23 error Failed at the voltron-server@1.0.0 dev script 'npm run watch-ts'.
23 error Make sure you have the latest version of node.js and npm installed.
23 error If you do, this is most likely a problem with the voltron-server package,
23 error not with npm itself.
23 error Tell the author that this fails on your system:
23 error     npm run watch-ts
23 error You can get information on how to open an issue for this project with:
23 error     npm bugs voltron-server
23 error Or if that isn't available, you can get their info via:
23 error     npm owner ls voltron-server
23 error There is likely additional logging output above.
24 verbose exit [ 1, true ]
